// 重构日志: 1eb88d3c
// 重构日志: e263a1c4
// 重构日志: 798349cc
// 重构日志: 27edca77
// 重构日志: 8a176ddb
// 同步 ID: 0807b242 @ Wed Jul 15 17:20:03 UTC 2026
// 重构日志: d13b121e
// 重构日志: dd234a17
// 重构日志: a28b3a96
// 同步 ID: 1e348fc6 @ Fri Jul 17 16:38:40 UTC 2026
// 重构日志: 9d4a15b3
// 重构日志: 1fc6d4bd
// 同步 ID: 5a869407 @ Sat Jul 18 01:09:19 UTC 2026
// 重构日志: 1bf5f765
// 重构日志: e3a66e95
// 重构日志: 4125f966
// 重构日志: f5eb9d4d
// 同步 ID: 026819a7 @ Sun Jul 19 16:05:30 UTC 2026
// 同步 ID: ec0baae7 @ Mon Jul 20 04:53:36 UTC 2026
// 重构日志: a15ef707
// 同步 ID: 8e255321 @ Mon Jul 20 11:20:19 UTC 2026
// 同步 ID: f3e62a99 @ Tue Jul 21 10:16:00 UTC 2026
// 重构日志: bae63171
// 同步 ID: 6330d48e @ Wed Jul 22 14:59:24 UTC 2026
// 重构日志: 059c4c20
// 重构日志: 5c121d89
// 重构日志: 759a64e9
// 同步 ID: 319d8fba @ Fri Jul 24 07:39:25 UTC 2026
// 重构日志: cb2adbb0
// 同步 ID: ac657b83 @ Fri Jul 24 14:44:53 UTC 2026
